[debug] [2020-05-11T15:33:03.451Z] ----------------------------------------------------------------------
[debug] [2020-05-11T15:33:03.453Z] Command:       C:\Program Files\nodejs\node.exe C:\Users\NHI\AppData\Roaming\npm\node_modules\firebase-tools\lib\bin\firebase.js deploy
[debug] [2020-05-11T15:33:03.453Z] CLI Version:   8.2.0
[debug] [2020-05-11T15:33:03.453Z] Platform:      win32
[debug] [2020-05-11T15:33:03.453Z] Node Version:  v10.13.0
[debug] [2020-05-11T15:33:03.454Z] Time:          Mon May 11 2020 22:33:03 GMT+0700 (Indochina Time)
[debug] [2020-05-11T15:33:03.454Z] ----------------------------------------------------------------------
[debug] [2020-05-11T15:33:03.454Z] 
[debug] [2020-05-11T15:33:03.463Z] > command requires scopes: ["email","openid","https://www.googleapis.com/auth/cloudplatformprojects.readonly","https://www.googleapis.com/auth/firebase","https://www.googleapis.com/auth/cloud-platform"]
[debug] [2020-05-11T15:33:03.463Z] > authorizing via signed-in user
[debug] [2020-05-11T15:33:03.464Z] [iam] checking project my-cv-e092e for permissions ["firebase.projects.get","firebasehosting.sites.update"]
[debug] [2020-05-11T15:33:03.467Z] >>> HTTP REQUEST POST https://cloudresourcemanager.googleapis.com/v1/projects/my-cv-e092e:testIamPermissions  
 {"permissions":["firebase.projects.get","firebasehosting.sites.update"]}
[debug] [2020-05-11T15:33:04.734Z] <<< HTTP RESPONSE 200 {"content-type":"application/json; charset=UTF-8","vary":"X-Origin, Referer, Origin,Accept-Encoding","date":"Mon, 11 May 2020 15:33:04 GMT","server":"ESF","cache-control":"private","x-xss-protection":"0","x-frame-options":"SAMEORIGIN","x-content-type-options":"nosniff","server-timing":"gfet4t7; dur=950","alt-svc":"h3-27=\":443\"; ma=2592000,h3-25=\":443\"; ma=2592000,h3-Q050=\":443\"; ma=2592000,h3-Q049=\":443\"; ma=2592000,h3-Q048=\":443\"; ma=2592000,h3-Q046=\":443\"; ma=2592000,h3-Q043=\":443\"; ma=2592000,quic=\":443\"; ma=2592000; v=\"46,43\"","accept-ranges":"none","transfer-encoding":"chunked"}
[debug] [2020-05-11T15:33:04.737Z] >>> HTTP REQUEST GET https://firebase.googleapis.com/v1beta1/projects/my-cv-e092e  
 
[debug] [2020-05-11T15:33:25.789Z] Server Error. connect ETIMEDOUT 172.217.174.202:443
[debug] [2020-05-11T15:34:00.984Z] FirebaseError: Server Error. connect ETIMEDOUT 172.217.174.202:443
    at Request._callback (C:\Users\NHI\AppData\Roaming\npm\node_modules\firebase-tools\lib\api.js:32:31)
    at self.callback (C:\Users\NHI\AppData\Roaming\npm\node_modules\firebase-tools\node_modules\request\request.js:185:22)
    at Request.emit (events.js:182:13)
    at Request.EventEmitter.emit (domain.js:442:20)
    at Request.onRequestError (C:\Users\NHI\AppData\Roaming\npm\node_modules\firebase-tools\node_modules\request\request.js:877:8)
    at ClientRequest.emit (events.js:187:15)
    at ClientRequest.EventEmitter.emit (domain.js:442:20)
    at TLSSocket.socketErrorListener (_http_client.js:391:9)
    at TLSSocket.emit (events.js:182:13)
    at TLSSocket.EventEmitter.emit (domain.js:442:20)
    at emitErrorNT (internal/streams/destroy.js:82:8)
    at emitErrorAndCloseNT (internal/streams/destroy.js:50:3)
    at process._tickCallback (internal/process/next_tick.js:63:19)
[error] 
[error] Error: Failed to get Firebase project my-cv-e092e. Please make sure the project exists and your account has permission to access it.
